Using pre-set license
Built from '2022.3/staging' branch; Version is '2022.3.27f1 (73effa14754f) revision 7598074'; Using compiler version '192829333'; Build Type 'Release'
OS: 'Windows 11  (10.0.22631) 64bit ProfessionalWorkstation' Language: 'en' Physical Memory: 32439 MB
BatchMode: 1, IsHumanControllingUs: 0, StartBugReporterOnCrash: 0, Is64bit: 1, IsPro: 1

COMMAND LINE ARGUMENTS:
C:\Program Files\Unity\Hub\Editor\2022.3.27f1\Editor\Unity.exe
-adb2
-batchMode
-noUpm
-name
AssetImportWorker0
-projectPath
D:/VR/VR_FINALPROJECTDMT314/unity_VR_Group_Project_DMT314/DMT314_VR_FINALPROJECT
-logFile
Logs/AssetImportWorker0.log
-srvPort
6648
Successfully changed project path to: D:/VR/VR_FINALPROJECTDMT314/unity_VR_Group_Project_DMT314/DMT314_VR_FINALPROJECT
D:/VR/VR_FINALPROJECTDMT314/unity_VR_Group_Project_DMT314/DMT314_VR_FINALPROJECT
[UnityMemory] Configuration Parameters - Can be set up in boot.config
    "memorysetup-bucket-allocator-granularity=16"
    "memorysetup-bucket-allocator-bucket-count=8"
    "memorysetup-bucket-allocator-block-size=33554432"
    "memorysetup-bucket-allocator-block-count=8"
    "memorysetup-main-allocator-block-size=16777216"
    "memorysetup-thread-allocator-block-size=16777216"
    "memorysetup-gfx-main-allocator-block-size=16777216"
    "memorysetup-gfx-thread-allocator-block-size=16777216"
    "memorysetup-cache-allocator-block-size=4194304"
    "memorysetup-typetree-allocator-block-size=2097152"
    "memorysetup-profiler-bucket-allocator-granularity=16"
    "memorysetup-profiler-bucket-allocator-bucket-count=8"
    "memorysetup-profiler-bucket-allocator-block-size=33554432"
    "memorysetup-profiler-bucket-allocator-block-count=8"
    "memorysetup-profiler-allocator-block-size=16777216"
    "memorysetup-profiler-editor-allocator-block-size=1048576"
    "memorysetup-temp-allocator-size-main=16777216"
    "memorysetup-job-temp-allocator-block-size=2097152"
    "memorysetup-job-temp-allocator-block-size-background=1048576"
    "memorysetup-job-temp-allocator-reduction-small-platforms=262144"
    "memorysetup-allocator-temp-initial-block-size-main=262144"
    "memorysetup-allocator-temp-initial-block-size-worker=262144"
    "memorysetup-temp-allocator-size-background-worker=32768"
    "memorysetup-temp-allocator-size-job-worker=262144"
    "memorysetup-temp-allocator-size-preload-manager=33554432"
    "memorysetup-temp-allocator-size-nav-mesh-worker=65536"
    "memorysetup-temp-allocator-size-audio-worker=65536"
    "memorysetup-temp-allocator-size-cloud-worker=32768"
    "memorysetup-temp-allocator-size-gi-baking-worker=262144"
    "memorysetup-temp-allocator-size-gfx=262144"
Player connection [33252] Host "[IP] 192.168.56.1 [Port] 0 [Flags] 2 [Guid] 975423627 [EditorId] 975423627 [Version] 1048832 [Id] WindowsEditor(7,RosesLaptop) [Debug] 1 [PackageName] WindowsEditor [ProjectName] Editor" joined multi-casting on [225.0.0.222:54997]...

Player connection [33252] Host "[IP] 192.168.56.1 [Port] 0 [Flags] 2 [Guid] 975423627 [EditorId] 975423627 [Version] 1048832 [Id] WindowsEditor(7,RosesLaptop) [Debug] 1 [PackageName] WindowsEditor [ProjectName] Editor" joined alternative multi-casting on [225.0.0.222:34997]...

[Physics::Module] Initialized MultithreadedJobDispatcher with 19 workers.
Refreshing native plugins compatible for Editor in 15.07 ms, found 3 plugins.
Preloading 0 native plugins for Editor in 0.00 ms.
Initialize engine version: 2022.3.27f1 (73effa14754f)
[Subsystems] Discovering subsystems at path C:/Program Files/Unity/Hub/Editor/2022.3.27f1/Editor/Data/Resources/UnitySubsystems
[Subsystems] Discovering subsystems at path D:/VR/VR_FINALPROJECTDMT314/unity_VR_Group_Project_DMT314/DMT314_VR_FINALPROJECT/Assets
GfxDevice: creating device client; threaded=0; jobified=0
Direct3D:
    Version:  Direct3D 11.0 [level 11.1]
    Renderer: NVIDIA GeForce RTX 3050 Ti Laptop GPU (ID=0x25a0)
    Vendor:   NVIDIA
    VRAM:     3965 MB
    Driver:   32.0.15.6590
Initialize mono
Mono path[0] = 'C:/Program Files/Unity/Hub/Editor/2022.3.27f1/Editor/Data/Managed'
Mono path[1] = 'C:/Program Files/Unity/Hub/Editor/2022.3.27f1/Editor/Data/MonoBleedingEdge/lib/mono/unityjit-win32'
Mono config path = 'C:/Program Files/Unity/Hub/Editor/2022.3.27f1/Editor/Data/MonoBleedingEdge/etc'
Using monoOptions --debugger-agent=transport=dt_socket,embedding=1,server=y,suspend=n,address=127.0.0.1:56524
Begin MonoManager ReloadAssembly
Registering precompiled unity dll's ...
Register platform support module: C:/Program Files/Unity/Hub/Editor/2022.3.27f1/Editor/Data/PlaybackEngines/WindowsStandaloneSupport/UnityEditor.WindowsStandalone.Extensions.dll
Registered in 0.007498 seconds.
- Loaded All Assemblies, in  0.375 seconds
Native extension for WindowsStandalone target not found
Mono: successfully reloaded assembly
- Finished resetting the current domain, in  0.295 seconds
Domain Reload Profiling: 669ms
	BeginReloadAssembly (108ms)
		ExecutionOrderSort (0ms)
		DisableScriptedObjects (0ms)
		BackupInstance (0ms)
		ReleaseScriptingObjects (0ms)
		CreateAndSetChildDomain (1ms)
	RebuildCommonClasses (34ms)
	RebuildNativeTypeToScriptingClass (11ms)
	initialDomainReloadingComplete (62ms)
	LoadAllAssembliesAndSetupDomain (159ms)
		LoadAssemblies (107ms)
		RebuildTransferFunctionScriptingTraits (0ms)
		AnalyzeDomain (157ms)
			TypeCache.Refresh (155ms)
				TypeCache.ScanAssembly (140ms)
			ScanForSourceGeneratedMonoScriptInfo (1ms)
			ResolveRequiredComponents (1ms)
	FinalizeReload (295ms)
		ReleaseScriptCaches (0ms)
		RebuildScriptCaches (0ms)
		SetupLoadedEditorAssemblies (227ms)
			LogAssemblyErrors (0ms)
			InitializePlatformSupportModulesInManaged (10ms)
			SetLoadedEditorAssemblies (9ms)
			RefreshPlugins (0ms)
			BeforeProcessingInitializeOnLoad (2ms)
			ProcessInitializeOnLoadAttributes (153ms)
			ProcessInitializeOnLoadMethodAttributes (54ms)
			AfterProcessingInitializeOnLoad (0ms)
			EditorAssembliesLoaded (0ms)
		ExecutionOrderSort2 (0ms)
		AwakeInstancesAfterBackupRestoration (0ms)
========================================================================
Worker process is ready to serve import requests
Begin MonoManager ReloadAssembly
- Loaded All Assemblies, in  0.724 seconds
Refreshing native plugins compatible for Editor in 5.71 ms, found 3 plugins.
Native extension for WindowsStandalone target not found
Package Manager log level set to [2]
[Package Manager] Server::EnsureServerProcessIsRunning -- launch failed, reason: Unity was launched with the -noUpm command-line argument
[Package Manager] UpmClient::Send -- Unable to send message (not connected to UPM process).
[Package Manager] Cannot connect to Unity Package Manager local server
Mono: successfully reloaded assembly
- Finished resetting the current domain, in  0.774 seconds
Domain Reload Profiling: 1493ms
	BeginReloadAssembly (149ms)
		ExecutionOrderSort (0ms)
		DisableScriptedObjects (6ms)
		BackupInstance (0ms)
		ReleaseScriptingObjects (0ms)
		CreateAndSetChildDomain (21ms)
	RebuildCommonClasses (34ms)
	RebuildNativeTypeToScriptingClass (10ms)
	initialDomainReloadingComplete (44ms)
	LoadAllAssembliesAndSetupDomain (481ms)
		LoadAssemblies (363ms)
		RebuildTransferFunctionScriptingTraits (0ms)
		AnalyzeDomain (204ms)
			TypeCache.Refresh (178ms)
				TypeCache.ScanAssembly (164ms)
			ScanForSourceGeneratedMonoScriptInfo (18ms)
			ResolveRequiredComponents (7ms)
	FinalizeReload (775ms)
		ReleaseScriptCaches (0ms)
		RebuildScriptCaches (0ms)
		SetupLoadedEditorAssemblies (609ms)
			LogAssemblyErrors (0ms)
			InitializePlatformSupportModulesInManaged (5ms)
			SetLoadedEditorAssemblies (3ms)
			RefreshPlugins (0ms)
			BeforeProcessingInitializeOnLoad (66ms)
			ProcessInitializeOnLoadAttributes (507ms)
			ProcessInitializeOnLoadMethodAttributes (21ms)
			AfterProcessingInitializeOnLoad (6ms)
			EditorAssembliesLoaded (0ms)
		ExecutionOrderSort2 (0ms)
		AwakeInstancesAfterBackupRestoration (10ms)
Launched and connected shader compiler UnityShaderCompiler.exe after 0.15 seconds
Refreshing native plugins compatible for Editor in 5.70 ms, found 3 plugins.
Preloading 0 native plugins for Editor in 0.00 ms.
Unloading 4319 Unused Serialized files (Serialized files now loaded: 0)
Unloading 47 unused Assets / (58.0 KB). Loaded Objects now: 4783.
Memory consumption went from 159.6 MB to 159.5 MB.
Total: 5.952900 ms (FindLiveObjects: 0.275100 ms CreateObjectMapping: 0.162500 ms MarkObjects: 5.348100 ms  DeleteObjects: 0.165900 ms)

AssetImportParameters requested are different than current active one (requested -> active):
  custom:container-demuxer-ogg: 62fdf1f143b41e24485cea50d1cbac27 -> 
  custom:video-decoder-ogg-theora: a1e56fd34408186e4bbccfd4996cb3dc -> 
  custom:framework-win-MediaFoundation: 216162199b28c13a410421893ffa2e32 -> 
  custom:CustomObjectIndexerAttribute: 9a22284fe3817be447336de3de66b15e -> 
  custom:container-demuxer-webm: 4f35f7cbe854078d1ac9338744f61a02 -> 
  custom:container-muxer-webm: aa71ff27fc2769a1b78a27578f13a17b -> 
  custom:video-decoder-webm-vp8: 9c59270c3fd7afecdb556c50c9e8de78 -> 
  custom:SearchIndexIgnoredProperties: e643bd26f0fe6173181afceb89e7c659 -> 
  custom:AudioImporter_EditorPlatform: d09bf68614088b80899f8185d706f6e7 -> 
  custom:video-encoder-webm-vp8: eb34c28f22e8b96e1ab97ce403110664 -> 
  custom:audio-decoder-ogg-vorbis: bf7c407c2cedff20999df2af8eb42d56 -> 
  custom:audio-encoder-webm-vorbis: bf7c407c2cedff20999df2af8eb42d56 -> 
========================================================================
Received Import Request.
  Time since last request: 11639.134578 seconds.
  path: Assets/WY/WY_Level 1.unity
  artifactKey: Guid(dd2f76d808bf2a14e8c3e92728f926d3) Importer(815301076,1909f56bfc062723c751e8b465ee728b)
Start importing Assets/WY/WY_Level 1.unity using Guid(dd2f76d808bf2a14e8c3e92728f926d3) Importer(815301076,1909f56bfc062723c751e8b465ee728b)  -> (artifact id: 'e52e0d62309811eac59cc70901db3b1f') in 0.003325 seconds
Number of updated asset objects reloaded before import = 0
Number of asset objects unloaded after import = 0
========================================================================
Received Import Request.
  Time since last request: 4.887544 seconds.
  path: Assets/Shared Folder
  artifactKey: Guid(6ea315d0fd7389c41b19996891e99ae3) Importer(815301076,1909f56bfc062723c751e8b465ee728b)
Start importing Assets/Shared Folder using Guid(6ea315d0fd7389c41b19996891e99ae3) Importer(815301076,1909f56bfc062723c751e8b465ee728b)  -> (artifact id: '799f71604f01c5af5d6d47085a652d90') in 0.000660 seconds
Number of updated asset objects reloaded before import = 0
Number of asset objects unloaded after import = 0
========================================================================
Received Import Request.
  Time since last request: 2.002903 seconds.
  path: Assets/Shared Folder/3D Props - Adorable Items
  artifactKey: Guid(6b1137f659115fe43803409b5a1f7069) Importer(815301076,1909f56bfc062723c751e8b465ee728b)
Start importing Assets/Shared Folder/3D Props - Adorable Items using Guid(6b1137f659115fe43803409b5a1f7069) Importer(815301076,1909f56bfc062723c751e8b465ee728b)  -> (artifact id: '43bc2898557809b62f1f6f71d776153c') in 0.000589 seconds
Number of updated asset objects reloaded before import = 0
Number of asset objects unloaded after import = 0
========================================================================
Received Import Request.
  Time since last request: 0.729642 seconds.
  path: Assets/Shared Folder/Animals
  artifactKey: Guid(83ec76ce35e43404ea639a81b2e9d532) Importer(815301076,1909f56bfc062723c751e8b465ee728b)
Start importing Assets/Shared Folder/Animals using Guid(83ec76ce35e43404ea639a81b2e9d532) Importer(815301076,1909f56bfc062723c751e8b465ee728b)  -> (artifact id: 'c17a7efba8684c2db46683643cb214b9') in 0.000521 seconds
Number of updated asset objects reloaded before import = 0
Number of asset objects unloaded after import = 0
========================================================================
Received Import Request.
  Time since last request: 2.292103 seconds.
  path: Assets/Shared Folder/UI Kit Pro - Kawaii
  artifactKey: Guid(b13e05c1d7e6bb445986e561f499baa0) Importer(815301076,1909f56bfc062723c751e8b465ee728b)
Start importing Assets/Shared Folder/UI Kit Pro - Kawaii using Guid(b13e05c1d7e6bb445986e561f499baa0) Importer(815301076,1909f56bfc062723c751e8b465ee728b)  -> (artifact id: '3405dbdc6fc1ead1d16cb63ac56cb416') in 0.000606 seconds
Number of updated asset objects reloaded before import = 0
Number of asset objects unloaded after import = 0
========================================================================
Received Import Request.
  Time since last request: 0.386715 seconds.
  path: Assets/Shared Folder/TextMesh Pro
  artifactKey: Guid(f54d1bd14bd3ca042bd867b519fee8cc) Importer(815301076,1909f56bfc062723c751e8b465ee728b)
Start importing Assets/Shared Folder/TextMesh Pro using Guid(f54d1bd14bd3ca042bd867b519fee8cc) Importer(815301076,1909f56bfc062723c751e8b465ee728b)  -> (artifact id: '539788fea73926d38e17274c55d5d4cc') in 0.000472 seconds
Number of updated asset objects reloaded before import = 0
Number of asset objects unloaded after import = 0
========================================================================
Received Import Request.
  Time since last request: 0.345975 seconds.
  path: Assets/Shared Folder/StarterAssets
  artifactKey: Guid(3397cd14c28cccf47b097769f7817a19) Importer(815301076,1909f56bfc062723c751e8b465ee728b)
Start importing Assets/Shared Folder/StarterAssets using Guid(3397cd14c28cccf47b097769f7817a19) Importer(815301076,1909f56bfc062723c751e8b465ee728b)  -> (artifact id: 'da3a3d634b6002a0e508612d8286938c') in 0.000525 seconds
Number of updated asset objects reloaded before import = 0
Number of asset objects unloaded after import = 0
========================================================================
Received Import Request.
  Time since last request: 0.452963 seconds.
  path: Assets/Shared Folder/Scenes
  artifactKey: Guid(924f44a04b9165440827d9a674b30f94) Importer(815301076,1909f56bfc062723c751e8b465ee728b)
Start importing Assets/Shared Folder/Scenes using Guid(924f44a04b9165440827d9a674b30f94) Importer(815301076,1909f56bfc062723c751e8b465ee728b)  -> (artifact id: 'dcde6176b9cab7926d2581940e8b3b8b') in 0.000515 seconds
Number of updated asset objects reloaded before import = 0
Number of asset objects unloaded after import = 0
========================================================================
Received Import Request.
  Time since last request: 0.384302 seconds.
  path: Assets/Shared Folder/Prefabs
  artifactKey: Guid(32259a51e73deff4898d17cb4676bfa3) Importer(815301076,1909f56bfc062723c751e8b465ee728b)
Start importing Assets/Shared Folder/Prefabs using Guid(32259a51e73deff4898d17cb4676bfa3) Importer(815301076,1909f56bfc062723c751e8b465ee728b)  -> (artifact id: '1455bd0a188607c8b831e7640d8d298a') in 0.000476 seconds
Number of updated asset objects reloaded before import = 0
Number of asset objects unloaded after import = 0
========================================================================
Received Import Request.
  Time since last request: 1.489404 seconds.
  path: Assets/Shared Folder/FarmAsset
  artifactKey: Guid(008b70fd9a253e944b45a2111e98ddeb) Importer(815301076,1909f56bfc062723c751e8b465ee728b)
Start importing Assets/Shared Folder/FarmAsset using Guid(008b70fd9a253e944b45a2111e98ddeb) Importer(815301076,1909f56bfc062723c751e8b465ee728b)  -> (artifact id: '2217eedd68a2c68a5b2b7ecaad360446') in 0.000589 seconds
Number of updated asset objects reloaded before import = 0
Number of asset objects unloaded after import = 0
========================================================================
Received Import Request.
  Time since last request: 0.457664 seconds.
  path: Assets/Shared Folder/FarmAsset/POLYGON_Farm_PostProfile_v1.asset
  artifactKey: Guid(90c15431dfbe21545b72963050a7c1cd) Importer(815301076,1909f56bfc062723c751e8b465ee728b)
Start importing Assets/Shared Folder/FarmAsset/POLYGON_Farm_PostProfile_v1.asset using Guid(90c15431dfbe21545b72963050a7c1cd) Importer(815301076,1909f56bfc062723c751e8b465ee728b)  -> (artifact id: 'e3e999cb7fd814a812bb12aed5e577d5') in 0.002383 seconds
Number of updated asset objects reloaded before import = 0
Number of asset objects unloaded after import = 1
========================================================================
Received Import Request.
  Time since last request: 0.679049 seconds.
  path: Assets/Shared Folder/FarmAsset/Prefabs
  artifactKey: Guid(0f4ada796a1aea340bedc3147db10482) Importer(815301076,1909f56bfc062723c751e8b465ee728b)
Start importing Assets/Shared Folder/FarmAsset/Prefabs using Guid(0f4ada796a1aea340bedc3147db10482) Importer(815301076,1909f56bfc062723c751e8b465ee728b)  -> (artifact id: 'f770931fb09de460165c0ce9ec6d4173') in 0.000547 seconds
Number of updated asset objects reloaded before import = 0
Number of asset objects unloaded after import = 0
========================================================================
Received Import Request.
  Time since last request: 1.138542 seconds.
  path: Assets/Shared Folder/FarmAsset/Prefabs/Environments
  artifactKey: Guid(8ae4cef18e565ae40b727acc7cc80212) Importer(815301076,1909f56bfc062723c751e8b465ee728b)
Start importing Assets/Shared Folder/FarmAsset/Prefabs/Environments using Guid(8ae4cef18e565ae40b727acc7cc80212) Importer(815301076,1909f56bfc062723c751e8b465ee728b)  -> (artifact id: '0e8b55cb5b333cf726e2f4720b1a558c') in 0.000566 seconds
Number of updated asset objects reloaded before import = 0
Number of asset objects unloaded after import = 0
========================================================================
Received Import Request.
  Time since last request: 1.349757 seconds.
  path: Assets/Shared Folder/FarmAsset/Textures
  artifactKey: Guid(faff255e89013244f878653aca04b9a4) Importer(815301076,1909f56bfc062723c751e8b465ee728b)
Start importing Assets/Shared Folder/FarmAsset/Textures using Guid(faff255e89013244f878653aca04b9a4) Importer(815301076,1909f56bfc062723c751e8b465ee728b)  -> (artifact id: '9883d7f2a6c83ba83aca9cc9018cbe8d') in 0.000559 seconds
Number of updated asset objects reloaded before import = 0
Number of asset objects unloaded after import = 0
========================================================================
Received Import Request.
  Time since last request: 0.051348 seconds.
  path: Assets/Shared Folder/FarmAsset/Textures/Circle_Texture.png
  artifactKey: Guid(83a0670cbd2e81e459efd68fd73382b1) Importer(815301076,1909f56bfc062723c751e8b465ee728b)
Start importing Assets/Shared Folder/FarmAsset/Textures/Circle_Texture.png using Guid(83a0670cbd2e81e459efd68fd73382b1) Importer(815301076,1909f56bfc062723c751e8b465ee728b)  -> (artifact id: 'f17b1231ad0613415abc41abded82b07') in 0.000611 seconds
Number of updated asset objects reloaded before import = 0
Number of asset objects unloaded after import = 0
========================================================================
Received Import Request.
  Time since last request: 0.000012 seconds.
  path: Assets/Shared Folder/FarmAsset/Textures/Leaves_Diff.tga
  artifactKey: Guid(93e7868b9d826c04b98475b232afa1a2) Importer(815301076,1909f56bfc062723c751e8b465ee728b)
Start importing Assets/Shared Folder/FarmAsset/Textures/Leaves_Diff.tga using Guid(93e7868b9d826c04b98475b232afa1a2) Importer(815301076,1909f56bfc062723c751e8b465ee728b)  -> (artifact id: '01e4a2dd32db14e26b5a9baab77a302a') in 0.000474 seconds
Number of updated asset objects reloaded before import = 0
Number of asset objects unloaded after import = 0
========================================================================
Received Import Request.
  Time since last request: 0.000279 seconds.
  path: Assets/Shared Folder/FarmAsset/Textures/PolygonFarm_Signs.png
  artifactKey: Guid(f6126cec9a696994e801505559cf2f27) Importer(815301076,1909f56bfc062723c751e8b465ee728b)
Start importing Assets/Shared Folder/FarmAsset/Textures/PolygonFarm_Signs.png using Guid(f6126cec9a696994e801505559cf2f27) Importer(815301076,1909f56bfc062723c751e8b465ee728b)  -> (artifact id: 'eb34b63a824b9c07669dade622abe25e') in 0.000616 seconds
Number of updated asset objects reloaded before import = 0
Number of asset objects unloaded after import = 0
========================================================================
Received Import Request.
  Time since last request: 0.349688 seconds.
  path: Assets/Shared Folder/FarmAsset/Textures/PolygonFarm_Texture_01_A.png
  artifactKey: Guid(04b7bb4212f0e9b498769b2077336c89) Importer(815301076,1909f56bfc062723c751e8b465ee728b)
Start importing Assets/Shared Folder/FarmAsset/Textures/PolygonFarm_Texture_01_A.png using Guid(04b7bb4212f0e9b498769b2077336c89) Importer(815301076,1909f56bfc062723c751e8b465ee728b)  -> (artifact id: 'a057f72f7370b87e61a5773043dca3a0') in 0.000706 seconds
Number of updated asset objects reloaded before import = 0
Number of asset objects unloaded after import = 0
========================================================================
Received Import Request.
  Time since last request: 0.000222 seconds.
  path: Assets/Shared Folder/FarmAsset/Textures/PolygonFarm_Texture_02_A.png
  artifactKey: Guid(611d398dfa4b6ec4885e04eb9698b56f) Importer(815301076,1909f56bfc062723c751e8b465ee728b)
Start importing Assets/Shared Folder/FarmAsset/Textures/PolygonFarm_Texture_02_A.png using Guid(611d398dfa4b6ec4885e04eb9698b56f) Importer(815301076,1909f56bfc062723c751e8b465ee728b)  -> (artifact id: 'd92ddf528642126031df0af6f4f99bea') in 0.000620 seconds
Number of updated asset objects reloaded before import = 0
Number of asset objects unloaded after import = 0
========================================================================
Received Import Request.
  Time since last request: 0.000010 seconds.
  path: Assets/Shared Folder/FarmAsset/Textures/PolygonFarm_Texture_02_C.png
  artifactKey: Guid(ccab993996c89f8438dbd423e86619a8) Importer(815301076,1909f56bfc062723c751e8b465ee728b)
Start importing Assets/Shared Folder/FarmAsset/Textures/PolygonFarm_Texture_02_C.png using Guid(ccab993996c89f8438dbd423e86619a8) Importer(815301076,1909f56bfc062723c751e8b465ee728b)  -> (artifact id: 'f1179359577fb4d1b0ed88e4c2a944f8') in 0.000539 seconds
Number of updated asset objects reloaded before import = 0
Number of asset objects unloaded after import = 0
========================================================================
Received Import Request.
  Time since last request: 0.000027 seconds.
  path: Assets/Shared Folder/FarmAsset/Textures/PolygonFarm_Texture_03_B.png
  artifactKey: Guid(5d24c3253a0fd3a4bbec990294cc11bf) Importer(815301076,1909f56bfc062723c751e8b465ee728b)
Start importing Assets/Shared Folder/FarmAsset/Textures/PolygonFarm_Texture_03_B.png using Guid(5d24c3253a0fd3a4bbec990294cc11bf) Importer(815301076,1909f56bfc062723c751e8b465ee728b)  -> (artifact id: '00ab9e3c304cad9497aeaa4d98941213') in 0.000622 seconds
Number of updated asset objects reloaded before import = 0
Number of asset objects unloaded after import = 0
========================================================================
Received Import Request.
  Time since last request: 0.000135 seconds.
  path: Assets/Shared Folder/FarmAsset/Textures/PolygonFarm_Texture_04_B.png
  artifactKey: Guid(57aefcb63282e874fbb6884bf1471f1f) Importer(815301076,1909f56bfc062723c751e8b465ee728b)
Start importing Assets/Shared Folder/FarmAsset/Textures/PolygonFarm_Texture_04_B.png using Guid(57aefcb63282e874fbb6884bf1471f1f) Importer(815301076,1909f56bfc062723c751e8b465ee728b)  -> (artifact id: 'c3425c85e270c7274930937d52101638') in 0.000476 seconds
Number of updated asset objects reloaded before import = 0
Number of asset objects unloaded after import = 0
========================================================================
Received Import Request.
  Time since last request: 0.000138 seconds.
  path: Assets/Shared Folder/FarmAsset/Textures/PolygonFarm_Texture_03_C.png
  artifactKey: Guid(687c9db25462a9945a008a678bff04c2) Importer(815301076,1909f56bfc062723c751e8b465ee728b)
Start importing Assets/Shared Folder/FarmAsset/Textures/PolygonFarm_Texture_03_C.png using Guid(687c9db25462a9945a008a678bff04c2) Importer(815301076,1909f56bfc062723c751e8b465ee728b)  -> (artifact id: 'b74a7dc1b491b2066837de56e927830d') in 0.000533 seconds
Number of updated asset objects reloaded before import = 0
Number of asset objects unloaded after import = 0
========================================================================
Received Import Request.
  Time since last request: 0.000051 seconds.
  path: Assets/Shared Folder/FarmAsset/Textures/PolygonFarm_Texture_Emissive_01.png
  artifactKey: Guid(714d5f655b2edf543a83504b67c01861) Importer(815301076,1909f56bfc062723c751e8b465ee728b)
Start importing Assets/Shared Folder/FarmAsset/Textures/PolygonFarm_Texture_Emissive_01.png using Guid(714d5f655b2edf543a83504b67c01861) Importer(815301076,1909f56bfc062723c751e8b465ee728b)  -> (artifact id: '9a3c09407891254012a41db3c5f1724a') in 0.000647 seconds
Number of updated asset objects reloaded before import = 0
Number of asset objects unloaded after import = 0
========================================================================
Received Import Request.
  Time since last request: 0.000039 seconds.
  path: Assets/Shared Folder/FarmAsset/Textures/Wheat_Texture.png
  artifactKey: Guid(3f4aaf474d28d7341b3f1d05082fdd16) Importer(815301076,1909f56bfc062723c751e8b465ee728b)
Start importing Assets/Shared Folder/FarmAsset/Textures/Wheat_Texture.png using Guid(3f4aaf474d28d7341b3f1d05082fdd16) Importer(815301076,1909f56bfc062723c751e8b465ee728b)  -> (artifact id: '42b078de7875800435c5457cddccc0e9') in 0.000779 seconds
Number of updated asset objects reloaded before import = 0
Number of asset objects unloaded after import = 0
========================================================================
Received Import Request.
  Time since last request: 0.000156 seconds.
  path: Assets/Shared Folder/FarmAsset/Textures/PolygonFarm_Texture_04_A.png
  artifactKey: Guid(30ba64d9d0301f54e923f16315503804) Importer(815301076,1909f56bfc062723c751e8b465ee728b)
Start importing Assets/Shared Folder/FarmAsset/Textures/PolygonFarm_Texture_04_A.png using Guid(30ba64d9d0301f54e923f16315503804) Importer(815301076,1909f56bfc062723c751e8b465ee728b)  -> (artifact id: 'a48ba62849166dbab1c819e9dcc0e0d9') in 0.000861 seconds
Number of updated asset objects reloaded before import = 0
Number of asset objects unloaded after import = 0
========================================================================
Received Import Request.
  Time since last request: 2.358414 seconds.
  path: Assets/Shared Folder/FarmAsset/Materials
  artifactKey: Guid(a570621cd02741b4aaf35ea08fc19874) Importer(815301076,1909f56bfc062723c751e8b465ee728b)
Start importing Assets/Shared Folder/FarmAsset/Materials using Guid(a570621cd02741b4aaf35ea08fc19874) Importer(815301076,1909f56bfc062723c751e8b465ee728b)  -> (artifact id: 'be2bfffe269b948a3adcd204d518fb55') in 0.000699 seconds
Number of updated asset objects reloaded before import = 0
Number of asset objects unloaded after import = 0
========================================================================
Received Import Request.
  Time since last request: 0.907354 seconds.
  path: Assets/Shared Folder/FarmAsset/Models
  artifactKey: Guid(c6ce7b70cc38bc94eb9814f681ec5e5f) Importer(815301076,1909f56bfc062723c751e8b465ee728b)
Start importing Assets/Shared Folder/FarmAsset/Models using Guid(c6ce7b70cc38bc94eb9814f681ec5e5f) Importer(815301076,1909f56bfc062723c751e8b465ee728b)  -> (artifact id: '3bfac41eee4056582d39ad53df8976dd') in 0.000573 seconds
Number of updated asset objects reloaded before import = 0
Number of asset objects unloaded after import = 0
========================================================================
Received Import Request.
  Time since last request: 0.389862 seconds.
  path: Assets/Shared Folder/FarmAsset/Materials/PolygonFarm_01_A.mat
  artifactKey: Guid(fdf18c58b725a2f469593ece1786d307) Importer(815301076,1909f56bfc062723c751e8b465ee728b)
Start importing Assets/Shared Folder/FarmAsset/Materials/PolygonFarm_01_A.mat using Guid(fdf18c58b725a2f469593ece1786d307) Importer(815301076,1909f56bfc062723c751e8b465ee728b)  -> (artifact id: '74134406ea256c379ef2e4e8948aa8d0') in 0.105328 seconds
Number of updated asset objects reloaded before import = 0
Number of asset objects unloaded after import = 1
========================================================================
Received Import Request.
  Time since last request: 0.000026 seconds.
  path: Assets/Shared Folder/FarmAsset/Materials/PolygonFarm_03_A.mat
  artifactKey: Guid(a366bdc638fe7e54b84cefd5ce0be9cd) Importer(815301076,1909f56bfc062723c751e8b465ee728b)
Start importing Assets/Shared Folder/FarmAsset/Materials/PolygonFarm_03_A.mat using Guid(a366bdc638fe7e54b84cefd5ce0be9cd) Importer(815301076,1909f56bfc062723c751e8b465ee728b)  -> (artifact id: '9b7bf6b445b4c52364c2edbea18529e2') in 0.017502 seconds
Number of updated asset objects reloaded before import = 0
Number of asset objects unloaded after import = 1
========================================================================
Received Import Request.
  Time since last request: 0.000035 seconds.
  path: Assets/Shared Folder/FarmAsset/Materials/PolygonFarm_04_A.mat
  artifactKey: Guid(d2bc36813fbd80e4a82b18b186f8c475) Importer(815301076,1909f56bfc062723c751e8b465ee728b)
Start importing Assets/Shared Folder/FarmAsset/Materials/PolygonFarm_04_A.mat using Guid(d2bc36813fbd80e4a82b18b186f8c475) Importer(815301076,1909f56bfc062723c751e8b465ee728b)  -> (artifact id: 'c362a2837a98f8c18c6ee8a2bdc053db') in 0.022646 seconds
Number of updated asset objects reloaded before import = 0
Number of asset objects unloaded after import = 1
========================================================================
Received Import Request.
  Time since last request: 30.727973 seconds.
  path: Assets/Shared Folder/FarmAsset/Prefabs/Environments/SM_Env_Dirt_Mound_01.prefab
  artifactKey: Guid(c9fcf85374b714e4e9525abaae880483) Importer(815301076,1909f56bfc062723c751e8b465ee728b)
Start importing Assets/Shared Folder/FarmAsset/Prefabs/Environments/SM_Env_Dirt_Mound_01.prefab using Guid(c9fcf85374b714e4e9525abaae880483) Importer(815301076,1909f56bfc062723c751e8b465ee728b)  -> (artifact id: '8c936272a379463b414f34390cb6e725') in 0.029261 seconds
Number of updated asset objects reloaded before import = 0
Number of asset objects unloaded after import = 8
========================================================================
Received Import Request.
  Time since last request: 0.320412 seconds.
  path: Assets/Shared Folder/FarmAsset/Prefabs/Environments/SM_Env_Dirt_Rows_End_Bottom_01.prefab
  artifactKey: Guid(4068e2171cecb934a92214b137b4f32a) Importer(815301076,1909f56bfc062723c751e8b465ee728b)
Start importing Assets/Shared Folder/FarmAsset/Prefabs/Environments/SM_Env_Dirt_Rows_End_Bottom_01.prefab using Guid(4068e2171cecb934a92214b137b4f32a) Importer(815301076,1909f56bfc062723c751e8b465ee728b)  -> (artifact id: 'bb2230fd3116310731df8d967f10bd04') in 0.017319 seconds
Number of updated asset objects reloaded before import = 0
Number of asset objects unloaded after import = 9
========================================================================
Received Import Request.
  Time since last request: 0.351929 seconds.
  path: Assets/Shared Folder/FarmAsset/Prefabs/Environments/SM_Env_Flowers_03.prefab
  artifactKey: Guid(7be4bd550acb32d44bc5512036055741) Importer(815301076,1909f56bfc062723c751e8b465ee728b)
Start importing Assets/Shared Folder/FarmAsset/Prefabs/Environments/SM_Env_Flowers_03.prefab using Guid(7be4bd550acb32d44bc5512036055741) Importer(815301076,1909f56bfc062723c751e8b465ee728b)  -> (artifact id: 'af94449e45f68a1f28286e1a989a4795') in 0.016019 seconds
Number of updated asset objects reloaded before import = 0
Number of asset objects unloaded after import = 8
========================================================================
Received Import Request.
  Time since last request: 0.334448 seconds.
  path: Assets/Shared Folder/FarmAsset/Prefabs/Environments/SM_Env_Pebbles_01.prefab
  artifactKey: Guid(e8733f093ca0ec94f90080693cb8a852) Importer(815301076,1909f56bfc062723c751e8b465ee728b)
Start importing Assets/Shared Folder/FarmAsset/Prefabs/Environments/SM_Env_Pebbles_01.prefab using Guid(e8733f093ca0ec94f90080693cb8a852) Importer(815301076,1909f56bfc062723c751e8b465ee728b)  -> (artifact id: '32e966e62600815a9e1e630da27fe770') in 0.017420 seconds
Number of updated asset objects reloaded before import = 0
Number of asset objects unloaded after import = 8
========================================================================
Received Import Request.
  Time since last request: 0.000013 seconds.
  path: Assets/Shared Folder/FarmAsset/Prefabs/Environments/SM_Env_Lillypads_01.prefab
  artifactKey: Guid(48dcbe3bbdd09354abf302f02a8d9c7d) Importer(815301076,1909f56bfc062723c751e8b465ee728b)
Start importing Assets/Shared Folder/FarmAsset/Prefabs/Environments/SM_Env_Lillypads_01.prefab using Guid(48dcbe3bbdd09354abf302f02a8d9c7d) Importer(815301076,1909f56bfc062723c751e8b465ee728b)  -> (artifact id: '67e2b9f25f96aee2638a8853ce8ff039') in 0.016187 seconds
Number of updated asset objects reloaded before import = 0
Number of asset objects unloaded after import = 8
========================================================================
Received Import Request.
  Time since last request: 0.000015 seconds.
  path: Assets/Shared Folder/FarmAsset/Prefabs/Environments/SM_Env_Reeds_02.prefab
  artifactKey: Guid(b94828a970874884ea230c66242edc74) Importer(815301076,1909f56bfc062723c751e8b465ee728b)
Start importing Assets/Shared Folder/FarmAsset/Prefabs/Environments/SM_Env_Reeds_02.prefab using Guid(b94828a970874884ea230c66242edc74) Importer(815301076,1909f56bfc062723c751e8b465ee728b)  -> (artifact id: '5dbd145b748bcf8f7298b36c8ffec2a0') in 0.020037 seconds
Number of updated asset objects reloaded before import = 0
Number of asset objects unloaded after import = 8
========================================================================
Received Import Request.
  Time since last request: 0.000025 seconds.
  path: Assets/Shared Folder/FarmAsset/Prefabs/Environments/SM_Env_Reeds_03.prefab
  artifactKey: Guid(4333369e02419114a88beb9339228332) Importer(815301076,1909f56bfc062723c751e8b465ee728b)
Start importing Assets/Shared Folder/FarmAsset/Prefabs/Environments/SM_Env_Reeds_03.prefab using Guid(4333369e02419114a88beb9339228332) Importer(815301076,1909f56bfc062723c751e8b465ee728b)  -> (artifact id: '97c36ee9a6cf6305b2972be4d0d5de64') in 0.021740 seconds
Number of updated asset objects reloaded before import = 0
Number of asset objects unloaded after import = 8
========================================================================
Received Import Request.
  Time since last request: 0.910416 seconds.
  path: Assets/Shared Folder/FarmAsset/Prefabs/Environments/SM_Env_Road_Dirt_Corner_02.prefab
  artifactKey: Guid(43cd6eec4b602fc41960093514293b8d) Importer(815301076,1909f56bfc062723c751e8b465ee728b)
Start importing Assets/Shared Folder/FarmAsset/Prefabs/Environments/SM_Env_Road_Dirt_Corner_02.prefab using Guid(43cd6eec4b602fc41960093514293b8d) Importer(815301076,1909f56bfc062723c751e8b465ee728b)  -> (artifact id: '19b6c981f6c38d5d0b1724d2cb614ffa') in 0.016504 seconds
Number of updated asset objects reloaded before import = 0
Number of asset objects unloaded after import = 9
========================================================================
Received Import Request.
  Time since last request: 0.000016 seconds.
  path: Assets/Shared Folder/FarmAsset/Prefabs/Environments/SM_Env_Road_Dirt_End_02.prefab
  artifactKey: Guid(abc35942d7873e74696fd81f76d012f4) Importer(815301076,1909f56bfc062723c751e8b465ee728b)
Start importing Assets/Shared Folder/FarmAsset/Prefabs/Environments/SM_Env_Road_Dirt_End_02.prefab using Guid(abc35942d7873e74696fd81f76d012f4) Importer(815301076,1909f56bfc062723c751e8b465ee728b)  -> (artifact id: 'd57bb84c90468de1565c8d03bf6ba9bf') in 0.013942 seconds
Number of updated asset objects reloaded before import = 0
Number of asset objects unloaded after import = 9
========================================================================
Received Import Request.
  Time since last request: 0.000018 seconds.
  path: Assets/Shared Folder/FarmAsset/Prefabs/Environments/SM_Env_Road_Dirt_Swerve_02.prefab
  artifactKey: Guid(fb3455787bbec434a9d65f0e6813b8f6) Importer(815301076,1909f56bfc062723c751e8b465ee728b)
Start importing Assets/Shared Folder/FarmAsset/Prefabs/Environments/SM_Env_Road_Dirt_Swerve_02.prefab using Guid(fb3455787bbec434a9d65f0e6813b8f6) Importer(815301076,1909f56bfc062723c751e8b465ee728b)  -> (artifact id: 'daf77225caa97c3876f4ff44ed5e396d') in 0.024416 seconds
Number of updated asset objects reloaded before import = 0
Number of asset objects unloaded after import = 9
========================================================================
Received Import Request.
  Time since last request: 0.000015 seconds.
  path: Assets/Shared Folder/FarmAsset/Prefabs/Environments/SM_Env_Road_Gravel_End_01.prefab
  artifactKey: Guid(48d6b528989319248a3030dcbd5a8d77) Importer(815301076,1909f56bfc062723c751e8b465ee728b)
Start importing Assets/Shared Folder/FarmAsset/Prefabs/Environments/SM_Env_Road_Gravel_End_01.prefab using Guid(48d6b528989319248a3030dcbd5a8d77) Importer(815301076,1909f56bfc062723c751e8b465ee728b)  -> (artifact id: '1b0354dbdc33a4a99012efe4c9398b86') in 0.024042 seconds
Number of updated asset objects reloaded before import = 0
Number of asset objects unloaded after import = 9
========================================================================
Received Import Request.
  Time since last request: 0.375889 seconds.
  path: Assets/Shared Folder/FarmAsset/Prefabs/Environments/SM_Env_Tree_Apricot_Grown_01.prefab
  artifactKey: Guid(3f906b96f01718f4aac8de5eda9888d0) Importer(815301076,1909f56bfc062723c751e8b465ee728b)
Start importing Assets/Shared Folder/FarmAsset/Prefabs/Environments/SM_Env_Tree_Apricot_Grown_01.prefab using Guid(3f906b96f01718f4aac8de5eda9888d0) Importer(815301076,1909f56bfc062723c751e8b465ee728b)  -> (artifact id: '54230f7105686127ad54234bf112d211') in 0.017672 seconds
Number of updated asset objects reloaded before import = 0
Number of asset objects unloaded after import = 14
========================================================================
Received Import Request.
  Time since last request: 0.377627 seconds.
  path: Assets/Shared Folder/FarmAsset/Prefabs/Environments/SM_Env_Tree_Cherry_Grown_01.prefab
  artifactKey: Guid(2e992b7db39a4f542a0e1ad222200c67) Importer(815301076,1909f56bfc062723c751e8b465ee728b)
Start importing Assets/Shared Folder/FarmAsset/Prefabs/Environments/SM_Env_Tree_Cherry_Grown_01.prefab using Guid(2e992b7db39a4f542a0e1ad222200c67) Importer(815301076,1909f56bfc062723c751e8b465ee728b)  -> (artifact id: 'ec66193f70f8049cc64d4845429ec9f9') in 0.018367 seconds
Number of updated asset objects reloaded before import = 0
Number of asset objects unloaded after import = 16
========================================================================
Received Import Request.
  Time since last request: 0.000023 seconds.
  path: Assets/Shared Folder/FarmAsset/Prefabs/Environments/SM_Env_Tree_Peach_Grown_01.prefab
  artifactKey: Guid(9a754a3f98ec54b4ea019713f5722e3d) Importer(815301076,1909f56bfc062723c751e8b465ee728b)
Start importing Assets/Shared Folder/FarmAsset/Prefabs/Environments/SM_Env_Tree_Peach_Grown_01.prefab using Guid(9a754a3f98ec54b4ea019713f5722e3d) Importer(815301076,1909f56bfc062723c751e8b465ee728b)  -> (artifact id: 'f411c3e4d6a4e4d89f8befcabd9c55ba') in 0.022032 seconds
Number of updated asset objects reloaded before import = 0
Number of asset objects unloaded after import = 12
========================================================================
Received Import Request.
  Time since last request: 0.000018 seconds.
  path: Assets/Shared Folder/FarmAsset/Prefabs/Environments/SM_Env_Tree_Cherry_01.prefab
  artifactKey: Guid(139e1be7a91909342869dd2cd4fac552) Importer(815301076,1909f56bfc062723c751e8b465ee728b)
Start importing Assets/Shared Folder/FarmAsset/Prefabs/Environments/SM_Env_Tree_Cherry_01.prefab using Guid(139e1be7a91909342869dd2cd4fac552) Importer(815301076,1909f56bfc062723c751e8b465ee728b)  -> (artifact id: 'b75b2436cd60f60058b7ac761e2d7ed4') in 0.021214 seconds
Number of updated asset objects reloaded before import = 0
Number of asset objects unloaded after import = 16
========================================================================
Received Import Request.
  Time since last request: 0.000020 seconds.
  path: Assets/Shared Folder/FarmAsset/Prefabs/Environments/SM_Env_Vege_Rows_03.prefab
  artifactKey: Guid(272677d9f8d9003418e2054d1e88d350) Importer(815301076,1909f56bfc062723c751e8b465ee728b)
Start importing Assets/Shared Folder/FarmAsset/Prefabs/Environments/SM_Env_Vege_Rows_03.prefab using Guid(272677d9f8d9003418e2054d1e88d350) Importer(815301076,1909f56bfc062723c751e8b465ee728b)  -> (artifact id: 'd9083609a50a0abd9fa8934a8c9d1463') in 0.023205 seconds
Number of updated asset objects reloaded before import = 0
Number of asset objects unloaded after import = 8
========================================================================
Received Import Request.
  Time since last request: 0.000020 seconds.
  path: Assets/Shared Folder/FarmAsset/Prefabs/Environments/SM_Env_Tree_Apple_Grown_01.prefab
  artifactKey: Guid(012abc7abe0517b43ab980b30563df5f) Importer(815301076,1909f56bfc062723c751e8b465ee728b)
Start importing Assets/Shared Folder/FarmAsset/Prefabs/Environments/SM_Env_Tree_Apple_Grown_01.prefab using Guid(012abc7abe0517b43ab980b30563df5f) Importer(815301076,1909f56bfc062723c751e8b465ee728b)  -> (artifact id: 'cdc14f30f51a463df2b5b5cdf06ce343') in 0.021155 seconds
Number of updated asset objects reloaded before import = 0
Number of asset objects unloaded after import = 14
========================================================================
Received Import Request.
  Time since last request: 0.000050 seconds.
  path: Assets/Shared Folder/FarmAsset/Prefabs/Environments/SM_Env_Road_Pebbles_01.prefab
  artifactKey: Guid(f823016012a708d448aa0acf3b3ff4e1) Importer(815301076,1909f56bfc062723c751e8b465ee728b)
Start importing Assets/Shared Folder/FarmAsset/Prefabs/Environments/SM_Env_Road_Pebbles_01.prefab using Guid(f823016012a708d448aa0acf3b3ff4e1) Importer(815301076,1909f56bfc062723c751e8b465ee728b)  -> (artifact id: '3d9858d5617085e2a1bf7435b483227a') in 0.023565 seconds
Number of updated asset objects reloaded before import = 0
Number of asset objects unloaded after import = 8
========================================================================
Received Import Request.
  Time since last request: 0.000030 seconds.
  path: Assets/Shared Folder/FarmAsset/Prefabs/Environments/SM_Env_Road_Dirt_T_Section_01.prefab
  artifactKey: Guid(684f7c3ce43f90c42bc80935edfdcb6e) Importer(815301076,1909f56bfc062723c751e8b465ee728b)
Start importing Assets/Shared Folder/FarmAsset/Prefabs/Environments/SM_Env_Road_Dirt_T_Section_01.prefab using Guid(684f7c3ce43f90c42bc80935edfdcb6e) Importer(815301076,1909f56bfc062723c751e8b465ee728b)  -> (artifact id: 'fc01b8ca36855690a6971d1a61348a3c') in 0.031393 seconds
Number of updated asset objects reloaded before import = 0
Number of asset objects unloaded after import = 9
========================================================================
Received Import Request.
  Time since last request: 0.000022 seconds.
  path: Assets/Shared Folder/FarmAsset/Prefabs/Environments/SM_Env_Road_Dirt_Straight_01.prefab
  artifactKey: Guid(20f6bd523ebdaf04fa332e6ce565fc03) Importer(815301076,1909f56bfc062723c751e8b465ee728b)
Start importing Assets/Shared Folder/FarmAsset/Prefabs/Environments/SM_Env_Road_Dirt_Straight_01.prefab using Guid(20f6bd523ebdaf04fa332e6ce565fc03) Importer(815301076,1909f56bfc062723c751e8b465ee728b)  -> (artifact id: '976d38abd8be2084d4c71703fb5a2c03') in 0.021795 seconds
Number of updated asset objects reloaded before import = 0
Number of asset objects unloaded after import = 9
========================================================================
Received Import Request.
  Time since last request: 7.936690 seconds.
  path: Assets/Shared Folder/StarterAssets/Environment/Art/Materials/GreyBlue_Mat.mat
  artifactKey: Guid(6b911390c5825014e8377183a7837d3f) Importer(815301076,1909f56bfc062723c751e8b465ee728b)
Start importing Assets/Shared Folder/StarterAssets/Environment/Art/Materials/GreyBlue_Mat.mat using Guid(6b911390c5825014e8377183a7837d3f) Importer(815301076,1909f56bfc062723c751e8b465ee728b)  -> (artifact id: 'a551cb5ff5b6278e327548cb691215c5') in 0.019026 seconds
Number of updated asset objects reloaded before import = 0
Number of asset objects unloaded after import = 1
========================================================================
Received Import Request.
  Time since last request: 0.000020 seconds.
  path: Assets/Shared Folder/StarterAssets/Environment/Art/Materials/GridWhite_01_Mat.mat
  artifactKey: Guid(dbf898c9f9c4a2d46aa6336e23caeb61) Importer(815301076,1909f56bfc062723c751e8b465ee728b)
Start importing Assets/Shared Folder/StarterAssets/Environment/Art/Materials/GridWhite_01_Mat.mat using Guid(dbf898c9f9c4a2d46aa6336e23caeb61) Importer(815301076,1909f56bfc062723c751e8b465ee728b)  -> (artifact id: 'c0c0a5cc833aac4f92ec44eb2c0cc387') in 0.014230 seconds
Number of updated asset objects reloaded before import = 0
Number of asset objects unloaded after import = 2
========================================================================
Received Import Request.
  Time since last request: 63.557279 seconds.
  path: Assets/Shared Folder/FarmAsset/Materials/Misc/FX_Default.mat
  artifactKey: Guid(0c6ceb865a050c64683892d8aa073844) Importer(815301076,1909f56bfc062723c751e8b465ee728b)
Start importing Assets/Shared Folder/FarmAsset/Materials/Misc/FX_Default.mat using Guid(0c6ceb865a050c64683892d8aa073844) Importer(815301076,1909f56bfc062723c751e8b465ee728b)  -> (artifact id: '84a76fdd85316dcecd03aa4474f01e1b') in 0.016726 seconds
Number of updated asset objects reloaded before import = 0
Number of asset objects unloaded after import = 1
========================================================================
Received Import Request.
  Time since last request: 0.000018 seconds.
  path: Assets/Shared Folder/FarmAsset/Materials/Misc/PolygonFarm_Plastic.mat
  artifactKey: Guid(bf715e35a7149c64fb0e3abb0c735c34) Importer(815301076,1909f56bfc062723c751e8b465ee728b)
Start importing Assets/Shared Folder/FarmAsset/Materials/Misc/PolygonFarm_Plastic.mat using Guid(bf715e35a7149c64fb0e3abb0c735c34) Importer(815301076,1909f56bfc062723c751e8b465ee728b)  -> (artifact id: '54fe176934e92b0839874522e4801a38') in 0.020628 seconds
Number of updated asset objects reloaded before import = 0
Number of asset objects unloaded after import = 1
========================================================================
Received Import Request.
  Time since last request: 0.000086 seconds.
  path: Assets/Shared Folder/FarmAsset/Materials/Misc/PolygonFarm_Water.mat
  artifactKey: Guid(a2a86c5ae886b7c44b06a6b8fa249255) Importer(815301076,1909f56bfc062723c751e8b465ee728b)
Start importing Assets/Shared Folder/FarmAsset/Materials/Misc/PolygonFarm_Water.mat using Guid(a2a86c5ae886b7c44b06a6b8fa249255) Importer(815301076,1909f56bfc062723c751e8b465ee728b)  -> (artifact id: '5923fb2014d70f79a276614f6af957b5') in 0.017843 seconds
Number of updated asset objects reloaded before import = 0
Number of asset objects unloaded after import = 1
========================================================================
Received Import Request.
  Time since last request: 3.938602 seconds.
  path: Assets/Shared Folder/FarmAsset/Materials/Alts/PolygonFarm_02_B.mat
  artifactKey: Guid(238068fd67f0d3f468362f86083e01a4) Importer(815301076,1909f56bfc062723c751e8b465ee728b)
Start importing Assets/Shared Folder/FarmAsset/Materials/Alts/PolygonFarm_02_B.mat using Guid(238068fd67f0d3f468362f86083e01a4) Importer(815301076,1909f56bfc062723c751e8b465ee728b)  -> (artifact id: '5d24301b6e62486ddb1107f6842735a7') in 0.020631 seconds
Number of updated asset objects reloaded before import = 0
Number of asset objects unloaded after import = 1
Editor requested this worker to shutdown with reason: Scaling down because of idle timeout
TcpMessagingSession - receive error: operation aborted. errorcode: 995, details: The I/O operation has been aborted because of either a thread exit or an application request.
AssetImportWorker is now disconnected from the server
Process exiting
Exiting without the bug reporter. Application will terminate with return code 0